<?xml version="1.0" encoding="UTF-8"?>
<!-- Generated by org.testng.reporters.JUnitReportReporter -->
<testsuite hostname="DESKTOP-1N84CM4" failures="0" tests="2" name="org.testNgEx3.ReportEx1" time="0.016" errors="0" timestamp="2023-08-19T18:49:10 IST" skipped="0">
  <testcase classname="org.testNgEx3.ReportEx1" name="login" time="0.010"/>
  <system-out>
    <![CDATA[Login Test Case Sucessfully]]>
  </system-out>
  <testcase classname="org.testNgEx3.ReportEx1" name="logout" time="0.006"/>
  <system-out>
    <![CDATA[Logout Test Case sycessfully]]>
  </system-out>
</testsuite> <!-- org.testNgEx3.ReportEx1 -->
