<?xml version="1.0" encoding="UTF-8"?>
<!-- Generated by org.testng.reporters.JUnitReportReporter -->
<testsuite hostname="DESKTOP-1N84CM4" failures="0" tests="2" name="org.POM_pages.LoginTC" time="79.358" errors="0" timestamp="2023-08-22T20:48:02 IST" skipped="0">
  <testcase classname="org.POM_pages.LoginTC" name="verifyloginfunction" time="37.867"/>
  <system-out>
    <![CDATA[Login  Successfully]]>
  </system-out>
  <testcase classname="org.POM_pages.LoginTC" name="verifyLoginPage" time="41.491"/>
  <system-out>
    <![CDATA[Login Page Is Verify Successfully]]>
  </system-out>
</testsuite> <!-- org.POM_pages.LoginTC -->
