<?xml version="1.0" encoding="UTF-8"?>
<!-- Generated by org.testng.reporters.JUnitReportReporter -->
<testsuite hostname="DESKTOP-1N84CM4" failures="0" tests="2" name="org.assertionsPractice.HardAssertEx1" time="0.052" errors="0" timestamp="2023-08-22T19:54:40 IST" skipped="0">
  <testcase classname="org.assertionsPractice.HardAssertEx1" name="testMethod2" time="0.009"/>
  <system-out/>
  <testcase classname="org.assertionsPractice.HardAssertEx1" name="testMethod1" time="0.043"/>
  <system-out/>
</testsuite> <!-- org.assertionsPractice.HardAssertEx1 -->
