<?xml version="1.0" encoding="UTF-8"?>
<!-- Generated by org.testng.reporters.JUnitReportReporter -->
<testsuite hostname="DESKTOP-1N84CM4" failures="0" tests="3" name="org.testNgEx2.UserTC1" time="0.012" errors="0" timestamp="2023-08-19T17:32:07 IST" skipped="0">
  <testcase classname="org.testNgEx2.UserTC1" name="updateUserTC" time="0.004"/>
  <system-out/>
  <testcase classname="org.testNgEx2.UserTC1" name="createUserTC" time="0.004"/>
  <system-out/>
  <testcase classname="org.testNgEx2.UserTC1" name="deleteUserTC" time="0.004"/>
  <system-out/>
</testsuite> <!-- org.testNgEx2.UserTC1 -->
