<?xml version="1.0" encoding="UTF-8"?>
<!-- Generated by org.testng.reporters.JUnitReportReporter -->
<testsuite hostname="DESKTOP-1N84CM4" failures="0" tests="8" name="org.testNgEx1.priorityEx" time="0.074" errors="0" timestamp="2023-08-19T11:05:08 IST" skipped="0">
  <testcase classname="org.testNgEx1.priorityEx" name="login" time="0.024"/>
  <system-out/>
  <testcase classname="org.testNgEx1.priorityEx" name="createCustomer" time="0.009"/>
  <system-out/>
  <testcase classname="org.testNgEx1.priorityEx" name="CreateCustomer" time="0.007"/>
  <system-out/>
  <testcase classname="org.testNgEx1.priorityEx" name="updateCustomer" time="0.004"/>
  <system-out/>
  <testcase classname="org.testNgEx1.priorityEx" name="UpdateCustomer" time="0.009"/>
  <system-out/>
  <testcase classname="org.testNgEx1.priorityEx" name="deleteCustomer" time="0.007"/>
  <system-out/>
  <testcase classname="org.testNgEx1.priorityEx" name="DeleteCustomer" time="0.004"/>
  <system-out/>
  <testcase classname="org.testNgEx1.priorityEx" name="logout" time="0.010"/>
  <system-out/>
</testsuite> <!-- org.testNgEx1.priorityEx -->
