<?xml version="1.0" encoding="UTF-8"?>
<!-- Generated by org.testng.reporters.JUnitReportReporter -->
<testsuite hostname="DESKTOP-1N84CM4" failures="0" tests="2" name="org.testNgEx4.ParaEx2" time="74.318" errors="0" timestamp="2023-08-20T16:53:02 IST" skipped="0">
  <testcase classname="org.testNgEx4.ParaEx2" name="demoqaEx" time="43.739"/>
  <system-out/>
  <testcase classname="org.testNgEx4.ParaEx2" name="flipkartEx" time="30.579"/>
  <system-out/>
</testsuite> <!-- org.testNgEx4.ParaEx2 -->
