<?xml version="1.0" encoding="UTF-8"?>
<!-- Generated by org.testng.reporters.JUnitReportReporter -->
<testsuite hostname="DESKTOP-1N84CM4" failures="0" tests="3" name="org.testNgEx2.ReportTC2" time="0.017" errors="0" timestamp="2023-08-19T17:54:28 IST" skipped="0">
  <testcase classname="org.testNgEx2.ReportTC2" name="deleteReportTC" time="0.005"/>
  <system-out/>
  <testcase classname="org.testNgEx2.ReportTC2" name="createReportTC" time="0.009"/>
  <system-out/>
  <testcase classname="org.testNgEx2.ReportTC2" name="updateReportTC" time="0.003"/>
  <system-out/>
</testsuite> <!-- org.testNgEx2.ReportTC2 -->
