<?xml version="1.0" encoding="UTF-8"?>
<!-- Generated by org.testng.reporters.JUnitReportReporter -->
<testsuite hostname="DESKTOP-1N84CM4" failures="0" tests="3" name="org.testNgEx2.CustomersTC2" time="0.025" errors="0" timestamp="2023-08-19T17:54:28 IST" skipped="0">
  <testcase classname="org.testNgEx2.CustomersTC2" name="updateCustomersTC" time="0.009"/>
  <system-out/>
  <testcase classname="org.testNgEx2.CustomersTC2" name="deleteCustomersTC" time="0.006"/>
  <system-out/>
  <testcase classname="org.testNgEx2.CustomersTC2" name="createCustomersTC" time="0.010"/>
  <system-out/>
</testsuite> <!-- org.testNgEx2.CustomersTC2 -->
