<?xml version="1.0" encoding="UTF-8"?>
<!-- Generated by org.testng.reporters.JUnitReportReporter -->
<testsuite hostname="DESKTOP-1N84CM4" failures="0" tests="2" name="org.testNgEx1.AnnotationEx1" time="0.036" errors="0" timestamp="2023-08-19T12:02:34 IST" skipped="0">
  <testcase classname="org.testNgEx1.AnnotationEx1" name="TestMethod1" time="0.025"/>
  <system-out/>
  <testcase classname="org.testNgEx1.AnnotationEx1" name="TestMethod2" time="0.011"/>
  <system-out/>
</testsuite> <!-- org.testNgEx1.AnnotationEx1 -->
