<?xml version="1.0" encoding="UTF-8"?>
<!-- Generated by org.testng.reporters.JUnitReportReporter -->
<testsuite hostname="DESKTOP-1N84CM4" failures="0" tests="3" name="org.testNgEx3.EnableEx1" time="0.058" errors="0" timestamp="2023-08-19T19:15:52 IST" skipped="1">
  <testcase classname="org.testNgEx3.EnableEx1" name="updateAccountTC" time="0.003"/>
  <system-out/>
  <testcase classname="org.testNgEx3.EnableEx1" name="createAccountTC" time="0.055"/>
  <system-out/>
  <testcase classname="org.testNgEx3.EnableEx1" name="deleteAccountTC">
    <skipped/>
  </testcase> <!-- deleteAccountTC -->
  <system-out/>
</testsuite> <!-- org.testNgEx3.EnableEx1 -->
