<?xml version="1.0" encoding="UTF-8"?>
<!-- Generated by org.testng.reporters.JUnitReportReporter -->
<testsuite hostname="DESKTOP-1N84CM4" failures="0" tests="2" name="org.testNgEx4.ParaEx1" time="138.856" errors="0" timestamp="2023-08-20T16:53:02 IST" skipped="0">
  <testcase classname="org.testNgEx4.ParaEx1" name="googleEx" time="35.650"/>
  <system-out/>
  <testcase classname="org.testNgEx4.ParaEx1" name="facebookEx" time="103.206"/>
  <system-out/>
</testsuite> <!-- org.testNgEx4.ParaEx1 -->
