<?xml version="1.0" encoding="UTF-8"?>
<!-- Generated by org.testng.reporters.JUnitReportReporter -->
<testsuite hostname="DESKTOP-1N84CM4" failures="0" tests="1" name="org.testNgEx3.ParameterEx" time="40.555" errors="0" timestamp="2023-08-20T12:35:52 IST" skipped="0">
  <testcase classname="org.testNgEx3.ParameterEx" name="loginTC" time="40.555"/>
  <system-out/>
</testsuite> <!-- org.testNgEx3.ParameterEx -->
