<?xml version="1.0" encoding="UTF-8"?>
<!-- Generated by org.testng.reporters.JUnitReportReporter -->
<testsuite hostname="DESKTOP-1N84CM4" failures="0" tests="2" name="org.testNgEx1.Ex1" time="0.033" errors="0" timestamp="2023-08-19T10:37:25 IST" skipped="0">
  <testcase classname="org.testNgEx1.Ex1" name="TestMethod3" time="0.007"/>
  <system-out/>
  <testcase classname="org.testNgEx1.Ex1" name="TestMethod1" time="0.026"/>
  <system-out/>
</testsuite> <!-- org.testNgEx1.Ex1 -->
