<?xml version="1.0" encoding="UTF-8"?>
<!-- Generated by org.testng.reporters.JUnitReportReporter -->
<testsuite hostname="DESKTOP-1N84CM4" failures="0" tests="3" name="org.testNgEx2.AccountTC1" time="0.030" errors="0" timestamp="2023-08-19T17:32:07 IST" skipped="0">
  <testcase classname="org.testNgEx2.AccountTC1" name="deleteAccountTC" time="0.009"/>
  <system-out/>
  <testcase classname="org.testNgEx2.AccountTC1" name="createAccountTC" time="0.013"/>
  <system-out/>
  <testcase classname="org.testNgEx2.AccountTC1" name="updateAccountTC" time="0.008"/>
  <system-out/>
</testsuite> <!-- org.testNgEx2.AccountTC1 -->
