<?xml version="1.0" encoding="UTF-8"?>
<!-- Generated by org.testng.reporters.JUnitReportReporter -->
<testsuite hostname="DESKTOP-1N84CM4" failures="0" tests="8" name="org.testNgEx1.Ex2" time="0.064" errors="0" timestamp="2023-08-19T10:52:45 IST" skipped="0">
  <testcase classname="org.testNgEx1.Ex2" name="CreateCustomer" time="0.019"/>
  <system-out/>
  <testcase classname="org.testNgEx1.Ex2" name="createCustomer" time="0.006"/>
  <system-out/>
  <testcase classname="org.testNgEx1.Ex2" name="login" time="0.007"/>
  <system-out/>
  <testcase classname="org.testNgEx1.Ex2" name="UpdateCustomer" time="0.005"/>
  <system-out/>
  <testcase classname="org.testNgEx1.Ex2" name="updateCustomer" time="0.006"/>
  <system-out/>
  <testcase classname="org.testNgEx1.Ex2" name="DeleteCustomer" time="0.007"/>
  <system-out/>
  <testcase classname="org.testNgEx1.Ex2" name="deleteCustomer" time="0.007"/>
  <system-out/>
  <testcase classname="org.testNgEx1.Ex2" name="logout" time="0.007"/>
  <system-out/>
</testsuite> <!-- org.testNgEx1.Ex2 -->
