<?xml version="1.0" encoding="UTF-8"?>
<!-- Generated by org.testng.reporters.JUnitReportReporter -->
<testsuite hostname="DESKTOP-1N84CM4" failures="0" tests="2" name="org.testNgEx1.ActitimeEx1" time="82.452" errors="0" timestamp="2023-08-19T11:44:04 IST" skipped="0">
  <testcase classname="org.testNgEx1.ActitimeEx1" name="verifyDashboardTitle" time="40.850"/>
  <system-out/>
  <testcase classname="org.testNgEx1.ActitimeEx1" name="verifyDashboardURL" time="41.602"/>
  <system-out/>
</testsuite> <!-- org.testNgEx1.ActitimeEx1 -->
