<?xml version="1.0" encoding="UTF-8"?>
<!-- Generated by org.testng.reporters.JUnitReportReporter -->
<testsuite hostname="DESKTOP-1N84CM4" failures="0" tests="4" name="org.testNgEx3.GroupEx" time="0.003" errors="0" timestamp="2023-08-20T18:06:10 IST" skipped="0">
  <testcase classname="org.testNgEx3.GroupEx" name="CreateCustomer" time="0.000"/>
  <system-out/>
  <testcase classname="org.testNgEx3.GroupEx" name="updateCustomer" time="0.001"/>
  <system-out/>
  <testcase classname="org.testNgEx3.GroupEx" name="deleteCustomer" time="0.001"/>
  <system-out/>
  <testcase classname="org.testNgEx3.GroupEx" name="logout" time="0.001"/>
  <system-out/>
</testsuite> <!-- org.testNgEx3.GroupEx -->
